<?xml version="1.0" encoding="utf-8"?>
<TestRun id="e4212ba7-ce05-47ab-94b9-69d67d4b3006" name="Adelphatech@REDONEELKHAOUA 2025-08-22 13:39:03" runUser="REDONEELKHAOUA\Adelphatech" xmlns="http://microsoft.com/schemas/VisualStudio/TeamTest/2010">
  <Times creation="2025-08-22T13:39:03.7994228+01:00" queuing="2025-08-22T13:39:03.7994233+01:00" start="2025-08-22T13:39:02.1300017+01:00" finish="2025-08-22T13:39:03.8004733+01:00" />
  <TestSettings name="default" id="b6c79ea1-aecc-49ea-b1be-ebe39f8a4d84">
    <Deployment runDeploymentRoot="Adelphatech_REDONEELKHAOUA_2025-08-22_13_39_03" />
  </TestSettings>
  <TestLists>
    <TestList name="Results Not in a List" id="8c84fa94-04c1-424b-9868-57a2d4851a1d" />
    <TestList name="All Loaded Results" id="19431567-8539-422a-85d7-44ee4e166bda" />
  </TestLists>
  <ResultSummary outcome="Completed">
    <Counters total="0" executed="0" passed="0" failed="0" error="0" timeout="0" aborted="0" inconclusive="0" passedButRunAborted="0" notRunnable="0" notExecuted="0" disconnected="0" warning="0" completed="0" inProgress="0" pending="0" />
    <Output>
      <StdOut>[xUnit.net 00:00:00.00] xUnit.net VSTest Adapter v2.8.1+ce9211e970 (64-bit .NET 8.0.11)&#xD;
[xUnit.net 00:00:00.23]   Discovering: TailoringApp.Domain.Tests&#xD;
[xUnit.net 00:00:00.24]   Discovered:  TailoringApp.Domain.Tests&#xD;
</StdOut>
    </Output>
    <RunInfos>
      <RunInfo computerName="REDONEELKHAOUA" outcome="Warning" timestamp="2025-08-22T13:39:03.5493253+01:00">
        <Text>No test is available in C:\Users\Adelphatech\Documents\repos\SplitIt\backend\tests\TailoringApp.Domain.Tests\bin\Debug\net8.0\TailoringApp.Domain.Tests.dll. Make sure that test discoverer &amp; executors are registered and platform &amp; framework version settings are appropriate and try again.</Text>
      </RunInfo>
    </RunInfos>
  </ResultSummary>
</TestRun>